<?xml version="1.0" encoding="UTF-8"?>
<!-- Generated by org.testng.reporters.JUnitReportReporter -->
<testsuite skipped="0" hostname="ip-172-31-88-49" name="test.LoginTest" tests="2" failures="0" timestamp="2021-11-08T07:44:33 UTC" time="2.730" errors="0">
  <testcase name="PositiveLogin" time="1.175" classname="test.LoginTest"/>
  <system-out/>
  <testcase name="NegativeLogin" time="1.555" classname="test.LoginTest"/>
  <system-out/>
</testsuite> <!-- test.LoginTest -->
